Starting job
copying proxy file to /tmp area
copy done...
start running
Total number of events: 139596
events weight: 1
events : 139596
Processing entry 0
Processing entry 10000
Processing entry 20000
Processing entry 30000
Processing entry 40000
Processing entry 50000
Processing entry 60000
Processing entry 70000
Processing entry 80000
Processing entry 90000
Processing entry 100000
Processing entry 110000
Processing entry 120000
Processing entry 130000
Real time: 5.22 minutes
CPU time:  1.57 minutes
running done
