Starting job
copying proxy file to /tmp area
copy done...
start running
Total number of events: 165740
events weight: 1
events : 165740
Processing entry 0
Processing entry 10000
Processing entry 20000
Processing entry 30000
Processing entry 40000
Processing entry 50000
Processing entry 60000
Processing entry 70000
Processing entry 80000
Processing entry 90000
Processing entry 100000
Processing entry 110000
Processing entry 120000
Processing entry 130000
Processing entry 140000
Processing entry 150000
Processing entry 160000
Real time: 5.92 minutes
CPU time:  2.01 minutes
running done
