Starting job
copying proxy file to /tmp area
copy done...
start running
Total number of events: 344176
events weight: 1
events : 344176
Processing entry 0
Processing entry 10000
Processing entry 20000
Processing entry 30000
Processing entry 40000
Processing entry 50000
Processing entry 60000
Processing entry 70000
Processing entry 80000
Processing entry 90000
Processing entry 100000
Processing entry 110000
Processing entry 120000
Processing entry 130000
Processing entry 140000
Processing entry 150000
Processing entry 160000
Processing entry 170000
Processing entry 180000
Processing entry 190000
Processing entry 200000
Processing entry 210000
Processing entry 220000
Processing entry 230000
Processing entry 240000
Processing entry 250000
Processing entry 260000
Processing entry 270000
Processing entry 280000
Processing entry 290000
Processing entry 300000
Processing entry 310000
Processing entry 320000
Processing entry 330000
Processing entry 340000
Real time: 6.1 minutes
CPU time:  2.71 minutes
running done
